eee917@tux5:~/A6Q2/ans6q2> bc
bc 1.07.1
Copyright 1991-1994, 1997, 1998, 2000, 2004, 2006, 2008, 2012-2017 Free Software Foundation, Inc.
This is free software with ABSOLUTELY NO WARRANTY.
For details type `warranty'.
(8-1+3)*6-((3+7)*2)
40
(2+(6+9)*(7-3))
62
((1+3)/3*(9+7))*2
32
5-2+10*(9-(7+2))
3
(6*2)/(5-3)+7-5
8

eee917@tux5:~/A6Q2/ans6q2> echo (8-1+3)*6-((3+7)*2) > asn6q2.in
eee917@tux5:~/A6Q2/ans6q2> echo (2+(6+9)*(7-3)) >> asn6q2.in 
eee917@tux5:~/A6Q2/ans6q2> echo ((1+3)/3*(9+7))*2 >> asn6q2.in
eee917@tux5:~/A6Q2/ans6q2> echo 5-2+10*(9-(7+2)) >> asn6q2.in
eee917@tux5:~/A6Q2/ans6q2> echo (6*2)/(5-3)+7-5 >> asn6q2.in

eee917@tux5:~/A6Q2/ans6q2> bc < asn6q2.in
40
62
32
3
8

eee917@tux5:~/A6Q2/ans6q2> bc < asn6q2.in > asn6q2.out
eee917@tux5:~/A6Q2/ans6q2> cat asn6q2.out
40
62
32
3
8
